0 info it worked if it ends with ok
1 verbose cli [ 'D:\\nodejs\\node.exe',
1 verbose cli   'D:\\nodejs\\node_modules\\npm\\bin\\npm-cli.js',
1 verbose cli   'start' ]
2 info using npm@3.10.3
3 info using node@v6.3.1
4 verbose run-script [ 'prestart', 'start', 'poststart' ]
5 info lifecycle atom@0.0.1~prestart: atom@0.0.1
6 silly lifecycle atom@0.0.1~prestart: no script for prestart, continuing
7 info lifecycle atom@0.0.1~start: atom@0.0.1
8 verbose lifecycle atom@0.0.1~start: unsafe-perm in lifecycle true
9 verbose lifecycle atom@0.0.1~start: PATH: D:\nodejs\node_modules\npm\bin\node-gyp-bin;D:\atom\node_modules\.bin;D:\nodejs;C:\Program Files\Common Files\Microsoft Shared\Windows Live;C:\oraclexe\app\oracle\product\10.2.0\server\bin;C:\Windows\system32;C:\Windows;C:\Windows\System32\Wbem;C:\Windows\System32\WindowsPowerShell\v1.0\;C:\Program Files\Microsoft\Web Platform Installer\;C:\adt-bundle-windows-x86-20140624\sdk\platform-tools;C:\adt-bundle-windows-x86-20140624\sdk\tools;C:\ant\bin;C:\Program Files\Java\jdk1.8.0_05;C:\Program Files\Java;C:\Program Files\Java\jdk1.8.0_05;C:\Program Files\Java\jdk1.8.0_11;C:\Users\deamons\AppData\Roaming\npm;C:\Program Files\Git\cmd;C:\Program Files\Git\bin;C:\Program Files\Java;C:\Program Files\Java\jdk1.6.0;C:\Program Files\Java\jdk1.8.0_05;C:\Program Files\Java\jre1.6.0;C:\Program Files\Java\jre7;C:\Program Files\Java\jre8;C:\Program Files\Java\jdk1.7.0_71;C:\Program Files\Windows Live\Shared;C:\Users\deamons\apktool.jar;C:\Users\deamons\apktool.bat;D:\Python27;D:\Python27\CMake;D:\Python27\SDL2.dll;C:\Program Files\QuickTime\QTSystem\;C:\Program Files\Microsoft ASP.NET\ASP.NET Web Pages\v1.0\;C:\Program Files\Microsoft SQL Server\110\Tools\Binn\;D:\Python27\swig;D:\Python27\Scripts;D:\Python27;D:\pocketsphinx-python;C:\Program Files\eSpeak;C:\Program Files\eSpeak\command_line;C:\Users\deamons\AppData\Roaming\nvm;C:\Program Files\nodejs;D:\nodejs\;C:\Program Files\MongoDB\Server\3.2\bin\;C:\Program Files\Skype\Phone\;C:\Program Files\Common Files\Microsoft Shared\Windows Live;C:\oraclexe\app\oracle\product\10.2.0\server\bin;C:\Windows\system32;C:\Windows;C:\Windows\System32\Wbem;C:\Windows\System32\WindowsPowerShell\v1.0\;C:\Program Files\Microsoft\Web Platform Installer\;C:\adt-bundle-windows-x86-20140624\sdk\platform-tools;C:\adt-bundle-windows-x86-20140624\sdk\tools;C:\ant\bin;C:\Program Files\Java\jdk1.8.0_05;C:\Program Files\Java;C:\Program Files\Java\jdk1.8.0_05;C:\Program Files\Java\jdk1.8.0_11;C:\Program Files\Git\cmd;C:\Program Files\Git\bin;C:\Program Files\Java;C:\Program Files\Java\jdk1.6.0;C:\Program Files\Java\jdk1.8.0_05;C:\Program Files\Java\jre1.6.0;C:\Program Files\Java\jre7;C:\Program Files\Java\jre8;C:\Program Files\Java\jdk1.7.0_71;C:\Program Files\Windows Live\Shared;C:\Users\deamons\apktool.jar;C:\Users\deamons\apktool.bat;D:\Python27;D:\Python27\CMake;D:\Python27\SDL2.dll;C:\Program Files\QuickTime\QTSystem\;C:\Program Files\Python32;D;\python27\lib\site-packages\setuptools-18.5-py2.7.egg;D:\miniconda\pkgs\numpy-1.10.1-py27_0;D:\google_appengine\;D:\Python27\pocketsphinx;D:\Python27\pocketsphinx\bin;D:\Python27\sphinxbase;D:\Python27\sphinxbase\bin;D:\Python27\swig;C:\Users\deamons\AppData\Roaming\nvm;C:\Program Files\nodejs;C:\Users\deamons\AppData\Roaming\npm;C:\Users\deamons\AppData\Local\.meteor\
10 verbose lifecycle atom@0.0.1~start: CWD: D:\atom
11 silly lifecycle atom@0.0.1~start: Args: [ '/d /s /c', 'webpack-dev-server --hot' ]
12 silly lifecycle atom@0.0.1~start: Returned: code: 1  signal: null
13 info lifecycle atom@0.0.1~start: Failed to exec start script
14 verbose stack Error: atom@0.0.1 start: `webpack-dev-server --hot`
14 verbose stack Exit status 1
14 verbose stack     at EventEmitter.<anonymous> (D:\nodejs\node_modules\npm\lib\utils\lifecycle.js:242:16)
14 verbose stack     at emitTwo (events.js:106:13)
14 verbose stack     at EventEmitter.emit (events.js:191:7)
14 verbose stack     at ChildProcess.<anonymous> (D:\nodejs\node_modules\npm\lib\utils\spawn.js:40:14)
14 verbose stack     at emitTwo (events.js:106:13)
14 verbose stack     at ChildProcess.emit (events.js:191:7)
14 verbose stack     at maybeClose (internal/child_process.js:852:16)
14 verbose stack     at Process.ChildProcess._handle.onexit (internal/child_process.js:215:5)
15 verbose pkgid atom@0.0.1
16 verbose cwd D:\atom
17 error Windows_NT 6.1.7601
18 error argv "D:\\nodejs\\node.exe" "D:\\nodejs\\node_modules\\npm\\bin\\npm-cli.js" "start"
19 error node v6.3.1
20 error npm  v3.10.3
21 error code ELIFECYCLE
22 error atom@0.0.1 start: `webpack-dev-server --hot`
22 error Exit status 1
23 error Failed at the atom@0.0.1 start script 'webpack-dev-server --hot'.
23 error Make sure you have the latest version of node.js and npm installed.
23 error If you do, this is most likely a problem with the atom package,
23 error not with npm itself.
23 error Tell the author that this fails on your system:
23 error     webpack-dev-server --hot
23 error You can get information on how to open an issue for this project with:
23 error     npm bugs atom
23 error Or if that isn't available, you can get their info via:
23 error     npm owner ls atom
23 error There is likely additional logging output above.
24 verbose exit [ 1, true ]
